<?xml version="1.0" encoding="UTF-8"?>
<!-- Generated by org.testng.reporters.JUnitReportReporter -->
<testsuite hostname="DESKTOP-VQKTNGV" failures="0" tests="1" name="com.automation.automate.AppTest" time="0.003" errors="0" timestamp="10 Jun 2024 15:47:42 GMT">
  <testcase classname="com.automation.automate.AppTest" name="testApp" time="0.003"/>
</testsuite> <!-- com.automation.automate.AppTest -->
